<?xml version="1.0" encoding="UTF-8"?>
<cfg:RuntimeConfiguration  
    xmlns:cfg="http://www.plasma.org/runtime">
  
    <SDO>
        <GlobalProvisioning 
            packageName="org.plasma.platform.sdo">
            
           <Interface/>          
           <Implementation classNameSuffix="Impl"
               childPackageName="impl"/>  
           <QueryDSL>
               <Implementation classNamePrefix="Q"
                   childPackageName="query"/>  
           </QueryDSL>
                        
        </GlobalProvisioning>            
    
  	      	
    </SDO>
    
    <Repository> 
        <!-- no-content artifact annotated with Papyrus Plasma Profile 1.3 for testing -->
        <Artifact name="test-model.uml"
            urn="test-model.uml" 
            namespaceUri="http://plasma.org/test-model.uml"/>  
          
    </Repository>
    
  
</cfg:RuntimeConfiguration>   
